[2026-01-02 23:01:50] Task 50f2ac8e-37ce-47aa-953f-f35f166f586f: Generation result type: <class 'str'>
[2026-01-02 23:01:50] Task 50f2ac8e-37ce-47aa-953f-f35f166f586f: Result prefix: https://webstatic.aiproxy.vip/output/20260102/6235...
[2026-01-02 23:02:00] Task 50f2ac8e-37ce-47aa-953f-f35f166f586f: Saved base64 image to F:\网站1\static\history\1767366120191.png
[2026-01-02 23:02:00] Task 50f2ac8e-37ce-47aa-953f-f35f166f586f: Success. Result URL: /static/history/1767366120191.png
[2026-01-02 23:18:40] Task 03053ce7-f9a9-4a24-b360-e799ca87aabf: Generation result type: <class 'str'>
[2026-01-02 23:18:40] Task 03053ce7-f9a9-4a24-b360-e799ca87aabf: Result prefix: https://webstatic.aiproxy.vip/output/20260102/6235...
[2026-01-02 23:18:48] Task 03053ce7-f9a9-4a24-b360-e799ca87aabf: Saved base64 image to F:\网站1\static\history\1767367128787.png
[2026-01-02 23:18:48] Task 03053ce7-f9a9-4a24-b360-e799ca87aabf: Success. Result URL: /static/history/1767367128787.png
[2026-01-02 23:23:53] Task fe309d5b-d4f5-42aa-9d4b-5b3ac72ec5d2: Generation result type: <class 'str'>
[2026-01-02 23:23:53] Task fe309d5b-d4f5-42aa-9d4b-5b3ac72ec5d2: Result prefix: https://webstatic.aiproxy.vip/output/20260102/6235...
[2026-01-02 23:23:57] Task fe309d5b-d4f5-42aa-9d4b-5b3ac72ec5d2: Saved base64 image to F:\网站1\static\history\1767367437900.png
[2026-01-02 23:23:57] Task fe309d5b-d4f5-42aa-9d4b-5b3ac72ec5d2: Success. Result URL: /static/history/1767367437900.png
[2026-01-02 23:27:58] Task 6c851962-fc87-4e53-b7f8-e772f8ebb8a7: Generation result type: <class 'str'>
[2026-01-02 23:27:58] Task 6c851962-fc87-4e53-b7f8-e772f8ebb8a7: Result prefix: https://webstatic.aiproxy.vip/output/20260102/6235...
[2026-01-02 23:28:05] Task 6c851962-fc87-4e53-b7f8-e772f8ebb8a7: Saved base64 image to F:\网站1\static\history\1767367685195.png
[2026-01-02 23:28:05] Task 6c851962-fc87-4e53-b7f8-e772f8ebb8a7: Success. Result URL: /static/history/1767367685195.png
[2026-01-02 23:42:09] Task 886062ed-6503-4bff-ac92-ba5889237a76: Generation result type: <class 'str'>
[2026-01-02 23:42:09] Task 886062ed-6503-4bff-ac92-ba5889237a76: Result prefix: https://webstatic.aiproxy.vip/output/20260102/6235...
[2026-01-02 23:42:15] Task 886062ed-6503-4bff-ac92-ba5889237a76: Saved base64 image to F:\网站1\static\history\1767368535803.png
[2026-01-02 23:42:15] Task 886062ed-6503-4bff-ac92-ba5889237a76: Success. Result URL: /static/history/1767368535803.png
[2026-01-02 23:44:55] Task e704af56-937f-4a1c-8a7d-248296b5ddcd: Generation result type: <class 'str'>
[2026-01-02 23:44:55] Task e704af56-937f-4a1c-8a7d-248296b5ddcd: Result prefix: https://webstatic.aiproxy.vip/output/20260102/6235...
[2026-01-02 23:45:02] Task e704af56-937f-4a1c-8a7d-248296b5ddcd: Saved base64 image to F:\网站1\static\history\1767368702208.png
[2026-01-02 23:45:02] Task e704af56-937f-4a1c-8a7d-248296b5ddcd: Success. Result URL: /static/history/1767368702208.png
[2026-01-02 23:47:55] Task 6d416fb4-1da5-48f1-a033-ab23fe34591b: Generation result type: <class 'str'>
[2026-01-02 23:47:55] Task 6d416fb4-1da5-48f1-a033-ab23fe34591b: Result prefix: https://webstatic.aiproxy.vip/output/20260102/6235...
[2026-01-02 23:48:02] Task 6d416fb4-1da5-48f1-a033-ab23fe34591b: Saved base64 image to F:\网站1\static\history\1767368882255.png
[2026-01-02 23:48:02] Task 6d416fb4-1da5-48f1-a033-ab23fe34591b: Success. Result URL: /static/history/1767368882255.png
[2026-01-02 23:50:36] Task 4965ba17-5c6a-4abc-9e70-a3cb2cdc6960: Generation result type: <class 'str'>
[2026-01-02 23:50:36] Task 4965ba17-5c6a-4abc-9e70-a3cb2cdc6960: Result prefix: https://webstatic.aiproxy.vip/output/20260102/6235...
[2026-01-02 23:50:42] Task 4965ba17-5c6a-4abc-9e70-a3cb2cdc6960: Saved base64 image to F:\网站1\static\history\1767369042655.png
[2026-01-02 23:50:42] Task 4965ba17-5c6a-4abc-9e70-a3cb2cdc6960: Success. Result URL: /static/history/1767369042655.png
[2026-01-02 23:54:10] Task 30068da5-dc00-4da1-87fd-68b727f350b5: Generation result type: <class 'str'>
[2026-01-02 23:54:10] Task 30068da5-dc00-4da1-87fd-68b727f350b5: Result prefix: https://webstatic.aiproxy.vip/output/20260102/6235...
[2026-01-02 23:54:18] Task 30068da5-dc00-4da1-87fd-68b727f350b5: Saved base64 image to F:\网站1\static\history\1767369258068.png
[2026-01-02 23:54:18] Task 30068da5-dc00-4da1-87fd-68b727f350b5: Success. Result URL: /static/history/1767369258068.png
[2026-01-03 10:43:56] Task 538e1ba5-366f-4358-95fe-6c5f9005660b: Generation result type: <class 'str'>
[2026-01-03 10:43:56] Task 538e1ba5-366f-4358-95fe-6c5f9005660b: Result prefix: https://webstatic.aiproxy.vip/output/20260103/6235...
[2026-01-03 10:43:59] Task 538e1ba5-366f-4358-95fe-6c5f9005660b: Saved base64 image to F:\网站1\static\history\1767408239410.png
[2026-01-03 10:43:59] Task 538e1ba5-366f-4358-95fe-6c5f9005660b: Success. Result URL: /static/history/1767408239410.png
[2026-01-03 10:45:31] Task b3a55973-725f-40ea-9a17-f10b501d6aa3: Generation result type: <class 'str'>
[2026-01-03 10:45:31] Task b3a55973-725f-40ea-9a17-f10b501d6aa3: Result prefix: https://webstatic.aiproxy.vip/output/20260103/6235...
[2026-01-03 10:45:34] Task b3a55973-725f-40ea-9a17-f10b501d6aa3: Saved base64 image to F:\网站1\static\history\1767408334374.png
[2026-01-03 10:45:34] Task b3a55973-725f-40ea-9a17-f10b501d6aa3: Success. Result URL: /static/history/1767408334374.png
[2026-01-03 10:47:07] Task 321670b7-01d7-4d3b-85c5-21936375d96f: Generation result type: <class 'str'>
[2026-01-03 10:47:07] Task 321670b7-01d7-4d3b-85c5-21936375d96f: Result prefix: https://webstatic.aiproxy.vip/output/20260103/6235...
[2026-01-03 10:47:10] Task 321670b7-01d7-4d3b-85c5-21936375d96f: Saved base64 image to F:\网站1\static\history\1767408430739.png
[2026-01-03 10:47:10] Task 321670b7-01d7-4d3b-85c5-21936375d96f: Success. Result URL: /static/history/1767408430739.png
[2026-01-03 10:49:02] Task 3e762c4c-d910-488c-837e-fd6ae8e6dc83: Generation result type: <class 'str'>
[2026-01-03 10:49:02] Task 3e762c4c-d910-488c-837e-fd6ae8e6dc83: Result prefix: https://webstatic.aiproxy.vip/output/20260103/6235...
[2026-01-03 10:49:05] Task 3e762c4c-d910-488c-837e-fd6ae8e6dc83: Saved base64 image to F:\网站1\static\history\1767408545792.png
[2026-01-03 10:49:05] Task 3e762c4c-d910-488c-837e-fd6ae8e6dc83: Success. Result URL: /static/history/1767408545792.png
[2026-01-03 10:50:56] Task f7c6857f-13fc-4cb3-9fde-9708c47c2281: Generation result type: <class 'str'>
[2026-01-03 10:50:56] Task f7c6857f-13fc-4cb3-9fde-9708c47c2281: Result prefix: https://oss.filenest.top/uploads/356d767a-792c-4b4...
[2026-01-03 10:51:02] Task f7c6857f-13fc-4cb3-9fde-9708c47c2281: Saved base64 image to F:\网站1\static\history\1767408662149.png
[2026-01-03 10:51:02] Task f7c6857f-13fc-4cb3-9fde-9708c47c2281: Success. Result URL: /static/history/1767408662149.png
[2026-01-03 10:52:22] Task 3b8ce15b-71b7-49bd-8825-eb2f3503bdf3: Generation result type: <class 'str'>
[2026-01-03 10:52:22] Task 3b8ce15b-71b7-49bd-8825-eb2f3503bdf3: Result prefix: https://webstatic.aiproxy.vip/output/20260103/6235...
[2026-01-03 10:52:25] Task 3b8ce15b-71b7-49bd-8825-eb2f3503bdf3: Saved base64 image to F:\网站1\static\history\1767408745613.png
[2026-01-03 10:52:25] Task 3b8ce15b-71b7-49bd-8825-eb2f3503bdf3: Success. Result URL: /static/history/1767408745613.png
[2026-01-03 10:53:41] Task 99db4ca2-b0e2-42b8-bb15-d78a5b3145ba: Generation result type: <class 'str'>
[2026-01-03 10:53:41] Task 99db4ca2-b0e2-42b8-bb15-d78a5b3145ba: Result prefix: https://webstatic.aiproxy.vip/output/20260103/6235...
[2026-01-03 10:53:44] Task 99db4ca2-b0e2-42b8-bb15-d78a5b3145ba: Saved base64 image to F:\网站1\static\history\1767408824666.png
[2026-01-03 10:53:44] Task 99db4ca2-b0e2-42b8-bb15-d78a5b3145ba: Success. Result URL: /static/history/1767408824666.png
[2026-01-03 10:59:16] Task 4fc07c34-16bc-4e69-8350-66eb7608a2d2: Generation result type: <class 'str'>
[2026-01-03 10:59:16] Task 4fc07c34-16bc-4e69-8350-66eb7608a2d2: Result prefix: https://ark-content-generation-v2-cn-beijing.tos-c...
[2026-01-03 10:59:17] Task 4fc07c34-16bc-4e69-8350-66eb7608a2d2: Saved base64 image to F:\网站1\static\history\1767409157256.png
[2026-01-03 10:59:17] Task 4fc07c34-16bc-4e69-8350-66eb7608a2d2: Success. Result URL: /static/history/1767409157256.png
[2026-01-03 11:02:08] Task bb4eca55-7fbf-4af9-be29-3108ada35e04: Generation result type: <class 'str'>
[2026-01-03 11:02:08] Task bb4eca55-7fbf-4af9-be29-3108ada35e04: Result prefix: https://webstatic.aiproxy.vip/output/20260103/6235...
[2026-01-03 11:02:11] Task bb4eca55-7fbf-4af9-be29-3108ada35e04: Saved base64 image to F:\网站1\static\history\1767409331816.png
[2026-01-03 11:02:11] Task bb4eca55-7fbf-4af9-be29-3108ada35e04: Success. Result URL: /static/history/1767409331816.png
[2026-01-03 11:04:11] Task 1c3e7c6c-6f9e-4207-9110-9c417023255a: Generation result type: <class 'str'>
[2026-01-03 11:04:11] Task 1c3e7c6c-6f9e-4207-9110-9c417023255a: Result prefix: https://webstatic.aiproxy.vip/output/20260103/6235...
[2026-01-03 11:04:14] Task 1c3e7c6c-6f9e-4207-9110-9c417023255a: Saved base64 image to F:\网站1\static\history\1767409454421.png
[2026-01-03 11:04:14] Task 1c3e7c6c-6f9e-4207-9110-9c417023255a: Success. Result URL: /static/history/1767409454421.png
[2026-01-03 11:05:50] Task c354bd96-d6bc-47ac-8cf1-a26ee2403f0b: Generation result type: <class 'str'>
[2026-01-03 11:05:50] Task c354bd96-d6bc-47ac-8cf1-a26ee2403f0b: Result prefix: https://webstatic.aiproxy.vip/output/20260103/6235...
[2026-01-03 11:05:55] Task c354bd96-d6bc-47ac-8cf1-a26ee2403f0b: Saved base64 image to F:\网站1\static\history\1767409555643.png
[2026-01-03 11:05:55] Task c354bd96-d6bc-47ac-8cf1-a26ee2403f0b: Success. Result URL: /static/history/1767409555643.png
[2026-01-03 11:08:19] Task c62f5ece-6a80-435c-badd-5ad09d2e12e3: Generation result type: <class 'str'>
[2026-01-03 11:08:19] Task c62f5ece-6a80-435c-badd-5ad09d2e12e3: Result prefix: https://webstatic.aiproxy.vip/output/20260103/6235...
[2026-01-03 11:08:22] Task c62f5ece-6a80-435c-badd-5ad09d2e12e3: Saved base64 image to F:\网站1\static\history\1767409702623.png
[2026-01-03 11:08:22] Task c62f5ece-6a80-435c-badd-5ad09d2e12e3: Success. Result URL: /static/history/1767409702623.png
[2026-01-03 11:10:11] Task 7c7ff753-c03c-4bbc-bf24-7d5a064d8149: Generation result type: <class 'str'>
[2026-01-03 11:10:11] Task 7c7ff753-c03c-4bbc-bf24-7d5a064d8149: Result prefix: https://webstatic.aiproxy.vip/output/20260103/6235...
[2026-01-03 11:10:13] Task 7c7ff753-c03c-4bbc-bf24-7d5a064d8149: Saved base64 image to F:\网站1\static\history\1767409813986.png
[2026-01-03 11:10:13] Task 7c7ff753-c03c-4bbc-bf24-7d5a064d8149: Success. Result URL: /static/history/1767409813986.png
[2026-01-03 11:11:37] Task e6788986-41cd-4f63-babf-8c68761975fc: Generation result type: <class 'str'>
[2026-01-03 11:11:37] Task e6788986-41cd-4f63-babf-8c68761975fc: Result prefix: https://webstatic.aiproxy.vip/output/20260103/6235...
[2026-01-03 11:11:39] Task e6788986-41cd-4f63-babf-8c68761975fc: Saved base64 image to F:\网站1\static\history\1767409899652.png
[2026-01-03 11:11:39] Task e6788986-41cd-4f63-babf-8c68761975fc: Success. Result URL: /static/history/1767409899652.png
[2026-01-03 11:13:06] Task d30248b7-aba2-405b-a08e-d38da571df0b: Generation result type: <class 'str'>
[2026-01-03 11:13:06] Task d30248b7-aba2-405b-a08e-d38da571df0b: Result prefix: https://webstatic.aiproxy.vip/output/20260103/6235...
[2026-01-03 11:13:09] Task d30248b7-aba2-405b-a08e-d38da571df0b: Saved base64 image to F:\网站1\static\history\1767409989572.png
[2026-01-03 11:13:09] Task d30248b7-aba2-405b-a08e-d38da571df0b: Success. Result URL: /static/history/1767409989572.png
[2026-01-03 11:14:44] Task 3d8fa380-9ff5-4e12-997d-844042174cae: Generation result type: <class 'str'>
[2026-01-03 11:14:44] Task 3d8fa380-9ff5-4e12-997d-844042174cae: Result prefix: https://webstatic.aiproxy.vip/output/20260103/6235...
[2026-01-03 11:14:46] Task 3d8fa380-9ff5-4e12-997d-844042174cae: Saved base64 image to F:\网站1\static\history\1767410086634.png
[2026-01-03 11:14:46] Task 3d8fa380-9ff5-4e12-997d-844042174cae: Success. Result URL: /static/history/1767410086634.png
[2026-01-03 11:16:02] Task dd9516ed-fddd-4453-a967-30b829b8713a: Generation result type: <class 'str'>
[2026-01-03 11:16:02] Task dd9516ed-fddd-4453-a967-30b829b8713a: Result prefix: https://webstatic.aiproxy.vip/output/20260103/6235...
[2026-01-03 11:16:06] Task dd9516ed-fddd-4453-a967-30b829b8713a: Saved base64 image to F:\网站1\static\history\1767410166621.png
[2026-01-03 11:16:06] Task dd9516ed-fddd-4453-a967-30b829b8713a: Success. Result URL: /static/history/1767410166621.png
[2026-01-03 11:23:11] Task 2e8a5fea-1978-40d3-9f3b-03ffb8412d6e: Generation result type: <class 'str'>
[2026-01-03 11:23:11] Task 2e8a5fea-1978-40d3-9f3b-03ffb8412d6e: Result prefix: https://webstatic.aiproxy.vip/output/20260103/6235...
[2026-01-03 11:23:15] Task 2e8a5fea-1978-40d3-9f3b-03ffb8412d6e: Saved base64 image to F:\网站1\static\history\1767410595471.png
[2026-01-03 11:23:15] Task 2e8a5fea-1978-40d3-9f3b-03ffb8412d6e: Success. Result URL: /static/history/1767410595471.png
[2026-01-03 11:25:29] Task ef52bb08-21ae-45d6-9999-47b1b1372f9d: Generation result type: <class 'str'>
[2026-01-03 11:25:29] Task ef52bb08-21ae-45d6-9999-47b1b1372f9d: Result prefix: https://webstatic.aiproxy.vip/output/20260103/6235...
[2026-01-03 11:25:33] Task ef52bb08-21ae-45d6-9999-47b1b1372f9d: Saved base64 image to F:\网站1\static\history\1767410733441.png
[2026-01-03 11:25:33] Task ef52bb08-21ae-45d6-9999-47b1b1372f9d: Success. Result URL: /static/history/1767410733441.png
[2026-01-03 11:27:06] Task 4aca5275-494d-496e-aaba-2010874beb56: Generation result type: <class 'str'>
[2026-01-03 11:27:06] Task 4aca5275-494d-496e-aaba-2010874beb56: Result prefix: https://webstatic.aiproxy.vip/output/20260103/6235...
[2026-01-03 11:27:08] Task 4aca5275-494d-496e-aaba-2010874beb56: Saved base64 image to F:\网站1\static\history\1767410828908.png
[2026-01-03 11:27:09] Task 4aca5275-494d-496e-aaba-2010874beb56: Success. Result URL: /static/history/1767410828908.png
[2026-01-03 14:25:59] Task 23378c70-c002-4dd2-9669-625af508056d: Generation result type: <class 'str'>
[2026-01-03 14:26:00] Task 23378c70-c002-4dd2-9669-625af508056d: Result prefix: https://ark-content-generation-v2-cn-beijing.tos-c...
[2026-01-03 14:26:00] Task 23378c70-c002-4dd2-9669-625af508056d: Saved base64 image to F:\网站1\static\history\1767421560788.png
[2026-01-03 14:26:00] Task 23378c70-c002-4dd2-9669-625af508056d: Success. Result URL: /static/history/1767421560788.png
[2026-01-03 14:30:58] Task 5a7c3b63-c4de-4f6a-bc80-2d8880ec960e: Generation result type: <class 'str'>
[2026-01-03 14:30:58] Task 5a7c3b63-c4de-4f6a-bc80-2d8880ec960e: Result prefix: https://ark-content-generation-v2-cn-beijing.tos-c...
[2026-01-03 14:30:59] Task 5a7c3b63-c4de-4f6a-bc80-2d8880ec960e: Saved base64 image to F:\网站1\static\history\1767421859597.png
[2026-01-03 14:30:59] Task 5a7c3b63-c4de-4f6a-bc80-2d8880ec960e: Success. Result URL: /static/history/1767421859597.png
[2026-01-03 16:19:37] Task 7c925b26-8d10-4baf-bae2-1cabbeb6a003: Generation result type: <class 'str'>
[2026-01-03 16:19:37] Task 7c925b26-8d10-4baf-bae2-1cabbeb6a003: Result prefix: https://webstatic.aiproxy.vip/output/20260103/6235...
[2026-01-03 16:19:40] Task 7c925b26-8d10-4baf-bae2-1cabbeb6a003: Saved base64 image to F:\网站1\static\history\1767428380846.png
[2026-01-03 16:19:40] Task 7c925b26-8d10-4baf-bae2-1cabbeb6a003: Success. Result URL: /static/history/1767428380846.png
[2026-01-03 16:21:25] Task 5d6b3ff8-9676-4d2a-bd87-3d7eccf81dc1: Generation result type: <class 'str'>
[2026-01-03 16:21:25] Task 5d6b3ff8-9676-4d2a-bd87-3d7eccf81dc1: Result prefix: https://webstatic.aiproxy.vip/output/20260103/6235...
[2026-01-03 16:21:30] Task 5d6b3ff8-9676-4d2a-bd87-3d7eccf81dc1: Saved base64 image to F:\网站1\static\history\1767428490892.png
[2026-01-03 16:21:30] Task 5d6b3ff8-9676-4d2a-bd87-3d7eccf81dc1: Success. Result URL: /static/history/1767428490892.png
[2026-01-03 16:22:45] Task e6737494-6dcf-4064-aaab-642cc1ac0a43: Generation result type: <class 'str'>
[2026-01-03 16:22:45] Task e6737494-6dcf-4064-aaab-642cc1ac0a43: Result prefix: https://webstatic.aiproxy.vip/output/20260103/6235...
[2026-01-03 16:22:49] Task e6737494-6dcf-4064-aaab-642cc1ac0a43: Saved base64 image to F:\网站1\static\history\1767428569006.png
[2026-01-03 16:22:49] Task e6737494-6dcf-4064-aaab-642cc1ac0a43: Success. Result URL: /static/history/1767428569006.png
[2026-01-03 23:05:03] Task 536cb8ec-6243-42f8-bbbe-fc99e9dfce10: Generation result type: <class 'str'>
[2026-01-03 23:05:03] Task 536cb8ec-6243-42f8-bbbe-fc99e9dfce10: Result prefix: https://webstatic.aiproxy.vip/output/20260103/6235...
[2026-01-03 23:05:10] Task 536cb8ec-6243-42f8-bbbe-fc99e9dfce10: Saved base64 image to F:\网站1\static\history\1767452710775.png
[2026-01-03 23:05:10] Task 536cb8ec-6243-42f8-bbbe-fc99e9dfce10: Success. Result URL: /static/history/1767452710775.png
[2026-01-03 23:06:40] Task 618646ba-532c-4b2b-b0f3-15ca4b3ad0d6: Generation result type: <class 'str'>
[2026-01-03 23:06:40] Task 618646ba-532c-4b2b-b0f3-15ca4b3ad0d6: Result prefix: https://webstatic.aiproxy.vip/output/20260103/6235...
[2026-01-03 23:06:56] Task 618646ba-532c-4b2b-b0f3-15ca4b3ad0d6: Saved base64 image to F:\网站1\static\history\1767452816090.png
[2026-01-03 23:06:56] Task 618646ba-532c-4b2b-b0f3-15ca4b3ad0d6: Success. Result URL: /static/history/1767452816090.png
[2026-01-03 23:12:25] Task d866280e-17d7-4c03-9b1b-a555a9a4dba3: Generation result type: <class 'str'>
[2026-01-03 23:12:25] Task d866280e-17d7-4c03-9b1b-a555a9a4dba3: Result prefix: https://webstatic.aiproxy.vip/output/20260103/6235...
[2026-01-03 23:12:32] Task d866280e-17d7-4c03-9b1b-a555a9a4dba3: Saved base64 image to F:\网站1\static\history\1767453152817.png
[2026-01-03 23:12:32] Task d866280e-17d7-4c03-9b1b-a555a9a4dba3: Success. Result URL: /static/history/1767453152817.png
[2026-01-03 23:14:23] Task 250351f9-0575-4386-9c8c-45c0d4a6b6c4: Generation result type: <class 'str'>
[2026-01-03 23:14:23] Task 250351f9-0575-4386-9c8c-45c0d4a6b6c4: Result prefix: https://webstatic.aiproxy.vip/output/20260103/6235...
[2026-01-03 23:14:29] Task 250351f9-0575-4386-9c8c-45c0d4a6b6c4: Saved base64 image to F:\网站1\static\history\1767453269131.png
[2026-01-03 23:14:29] Task 250351f9-0575-4386-9c8c-45c0d4a6b6c4: Success. Result URL: /static/history/1767453269131.png
[2026-01-03 23:42:06] Task aa858b5f-60ce-4782-acbc-aa4e4ed4a45c: Generation result type: <class 'str'>
[2026-01-03 23:42:06] Task aa858b5f-60ce-4782-acbc-aa4e4ed4a45c: Result prefix: https://webstatic.aiproxy.vip/output/20260103/6235...
[2026-01-03 23:42:11] Task aa858b5f-60ce-4782-acbc-aa4e4ed4a45c: Saved base64 image to F:\网站1\static\history\1767454931483.png
[2026-01-03 23:42:11] Task aa858b5f-60ce-4782-acbc-aa4e4ed4a45c: Success. Result URL: /static/history/1767454931483.png
[2026-01-03 23:51:43] Task 6b3cbf33-1cac-4387-90e2-315fbace0951: Generation result type: <class 'str'>
[2026-01-03 23:51:43] Task 6b3cbf33-1cac-4387-90e2-315fbace0951: Result prefix: https://webstatic.aiproxy.vip/output/20260103/6235...
[2026-01-03 23:51:51] Task 6b3cbf33-1cac-4387-90e2-315fbace0951: Saved base64 image to F:\网站1\static\history\1767455511583.png
[2026-01-03 23:51:51] Task 6b3cbf33-1cac-4387-90e2-315fbace0951: Success. Result URL: /static/history/1767455511583.png
